-------------------------------------------------------------------------------
Test set: com.adactin.runner.RunnerClass_OHrm
-------------------------------------------------------------------------------
Tests run: 1, Failures: 0, Errors: 1, Skipped: 0, Time elapsed: 2.692 s <<< FAILURE! - in com.adactin.runner.RunnerClass_OHrm
com.adactin.runner.RunnerClass_OHrm.initializationError  Time elapsed: 0.014 s  <<< ERROR!
java.lang.IllegalArgumentException: Not a file or directory: \\src\test\java\com\adactin\feature
	at cucumber.runtime.io.FileResourceIterator$FileIterator.<init>(FileResourceIterator.java:54)
	at cucumber.runtime.io.FileResourceIterator.<init>(FileResourceIterator.java:20)
	at cucumber.runtime.io.FileResourceIterable.iterator(FileResourceIterable.java:19)
	at cucumber.runtime.model.CucumberFeature.loadFromFeaturePath(CucumberFeature.java:103)
	at cucumber.runtime.model.CucumberFeature.load(CucumberFeature.java:54)
	at cucumber.runtime.model.CucumberFeature.load(CucumberFeature.java:34)
	at cucumber.runtime.RuntimeOptions.cucumberFeatures(RuntimeOptions.java:239)
	at cucumber.api.junit.Cucumber.<init>(Cucumber.java:62)
	at java.base/jdk.internal.reflect.NativeConstructorAccessorImpl.newInstance0(Native Method)
	at java.base/jdk.internal.reflect.NativeConstructorAccessorImpl.newInstance(NativeConstructorAccessorImpl.java:62)
	at java.base/jdk.internal.reflect.DelegatingConstructorAccessorImpl.newInstance(DelegatingConstructorAccessorImpl.java:45)
	at java.base/java.lang.reflect.Constructor.newInstance(Constructor.java:490)
	at org.junit.internal.builders.AnnotatedBuilder.buildRunner(AnnotatedBuilder.java:104)
	at org.junit.internal.builders.AnnotatedBuilder.runnerForClass(AnnotatedBuilder.java:86)
	at org.junit.runners.model.RunnerBuilder.safeRunnerForClass(RunnerBuilder.java:59)
	at org.junit.internal.builders.AllDefaultPossibilitiesBuilder.runnerForClass(AllDefaultPossibilitiesBuilder.java:26)
	at org.junit.runners.model.RunnerBuilder.safeRunnerForClass(RunnerBuilder.java:59)
	at org.junit.internal.requests.ClassRequest.getRunner(ClassRequest.java:33)
	at org.apache.maven.surefire.junit4.JUnit4Provider.execute(JUnit4Provider.java:314)
	at org.apache.maven.surefire.junit4.JUnit4Provider.executeWithRerun(JUnit4Provider.java:240)
	at org.apache.maven.surefire.junit4.JUnit4Provider.executeTestSet(JUnit4Provider.java:214)
	at org.apache.maven.surefire.junit4.JUnit4Provider.invoke(JUnit4Provider.java:155)
	at org.apache.maven.surefire.booter.ForkedBooter.runSuitesInProcess(ForkedBooter.java:385)
	at org.apache.maven.surefire.booter.ForkedBooter.execute(ForkedBooter.java:162)
	at org.apache.maven.surefire.booter.ForkedBooter.run(ForkedBooter.java:507)
	at org.apache.maven.surefire.booter.ForkedBooter.main(ForkedBooter.java:495)

